<?xml version="1.0" encoding="UTF-8"?>
<!-- Generated by org.testng.reporters.JUnitXMLReporter -->
<testsuite ignored="0" hostname="QT-INBG-LT1006" failures="0" tests="18" name="Test" time="43.2" errors="0" timestamp="2023-09-26T14:48:35 IST">
  <testcase classname="MakeMyTrip.TestMethods" name="Test01" time="7.134"/>
  <testcase classname="MakeMyTrip.TestMethods" name="Test02" time="0.365"/>
  <testcase classname="MakeMyTrip.TestMethods" name="Test03" time="1.671"/>
  <testcase classname="MakeMyTrip.TestMethods" name="Test04" time="0.305"/>
  <testcase classname="MakeMyTrip.TestMethods" name="Test05" time="0.538"/>
  <testcase classname="MakeMyTrip.TestMethods" name="Test06" time="0.328"/>
  <testcase classname="MakeMyTrip.TestMethods" name="Test07" time="0.5"/>
  <testcase classname="MakeMyTrip.TestMethods" name="Test08" time="0.37"/>
  <testcase classname="MakeMyTrip.TestMethods" name="Test09" time="0.17"/>
  <testcase classname="MakeMyTrip.TestMethods" name="Test10" time="0.735"/>
  <testcase classname="MakeMyTrip.TestMethods" name="Test12" time="0.501"/>
  <testcase classname="MoonMagic.TestMethods" name="Test01" time="9.923"/>
  <testcase classname="MoonMagic.TestMethods" name="Test02" time="8.089"/>
  <testcase classname="MoonMagic.TestMethods" name="Test03" time="3.477"/>
  <testcase classname="MoonMagic.TestMethods" name="Test04" time="6.775"/>
  <testcase classname="MoonMagic.TestMethods" name="Test05" time="1.138"/>
  <testcase classname="MoonMagic.TestMethods" name="Test06" time="0.494"/>
  <testcase classname="MoonMagic.TestMethods" name="Test07" time="0.612"/>
</testsuite> <!-- Test -->
