<?xml version="1.0" encoding="UTF-8"?>
<testng-results ignored="0" total="18" passed="18" failed="0" skipped="0">
  <reporter-output>
  </reporter-output>
  <suite started-at="2023-09-26T14:47:52 IST" name="Suite" finished-at="2023-09-26T14:48:35 IST" duration-ms="43200">
    <groups>
    </groups>
    <test started-at="2023-09-26T14:47:52 IST" name="Test" finished-at="2023-09-26T14:48:35 IST" duration-ms="43200">
      <class name="MoonMagic.TestMethods">
        <test-method signature="Test01()[pri:0, instance:MoonMagic.TestMethods@d5b810e]" started-at="2023-09-26T14:48:05 IST" name="Test01" finished-at="2023-09-26T14:48:15 IST" duration-ms="9923" status="PASS">
          <reporter-output>
          </reporter-output>
        </test-method> <!-- Test01 -->
        <test-method signature="Test02()[pri:0, instance:MoonMagic.TestMethods@d5b810e]" started-at="2023-09-26T14:48:15 IST" name="Test02" finished-at="2023-09-26T14:48:23 IST" duration-ms="8089" status="PASS">
          <reporter-output>
          </reporter-output>
        </test-method> <!-- Test02 -->
        <test-method signature="Test03()[pri:0, instance:MoonMagic.TestMethods@d5b810e]" started-at="2023-09-26T14:48:23 IST" name="Test03" finished-at="2023-09-26T14:48:26 IST" duration-ms="3477" status="PASS">
          <reporter-output>
          </reporter-output>
        </test-method> <!-- Test03 -->
        <test-method signature="Test04()[pri:0, instance:MoonMagic.TestMethods@d5b810e]" started-at="2023-09-26T14:48:26 IST" name="Test04" finished-at="2023-09-26T14:48:33 IST" duration-ms="6775" status="PASS">
          <reporter-output>
          </reporter-output>
        </test-method> <!-- Test04 -->
        <test-method signature="Test05()[pri:0, instance:MoonMagic.TestMethods@d5b810e]" started-at="2023-09-26T14:48:33 IST" name="Test05" finished-at="2023-09-26T14:48:34 IST" duration-ms="1138" status="PASS">
          <reporter-output>
          </reporter-output>
        </test-method> <!-- Test05 -->
        <test-method signature="Test06()[pri:0, instance:MoonMagic.TestMethods@d5b810e]" started-at="2023-09-26T14:48:34 IST" name="Test06" finished-at="2023-09-26T14:48:35 IST" duration-ms="494" status="PASS">
          <reporter-output>
          </reporter-output>
        </test-method> <!-- Test06 -->
        <test-method signature="Test07()[pri:0, instance:MoonMagic.TestMethods@d5b810e]" started-at="2023-09-26T14:48:35 IST" name="Test07" finished-at="2023-09-26T14:48:35 IST" duration-ms="612" status="PASS">
          <reporter-output>
          </reporter-output>
        </test-method> <!-- Test07 -->
      </class> <!-- MoonMagic.TestMethods -->
      <class name="MakeMyTrip.TestMethods">
        <test-method signature="Test01()[pri:0, instance:MakeMyTrip.TestMethods@48f278eb]" started-at="2023-09-26T14:47:52 IST" name="Test01" finished-at="2023-09-26T14:47:59 IST" duration-ms="7134" status="PASS">
          <reporter-output>
          </reporter-output>
        </test-method> <!-- Test01 -->
        <test-method signature="Test02()[pri:0, instance:MakeMyTrip.TestMethods@48f278eb]" started-at="2023-09-26T14:47:59 IST" name="Test02" finished-at="2023-09-26T14:48:00 IST" duration-ms="365" status="PASS">
          <reporter-output>
          </reporter-output>
        </test-method> <!-- Test02 -->
        <test-method signature="Test03()[pri:0, instance:MakeMyTrip.TestMethods@48f278eb]" started-at="2023-09-26T14:48:00 IST" name="Test03" finished-at="2023-09-26T14:48:01 IST" duration-ms="1671" status="PASS">
          <reporter-output>
          </reporter-output>
        </test-method> <!-- Test03 -->
        <test-method signature="Test04()[pri:0, instance:MakeMyTrip.TestMethods@48f278eb]" started-at="2023-09-26T14:48:01 IST" name="Test04" finished-at="2023-09-26T14:48:02 IST" duration-ms="305" status="PASS">
          <reporter-output>
          </reporter-output>
        </test-method> <!-- Test04 -->
        <test-method signature="Test05()[pri:0, instance:MakeMyTrip.TestMethods@48f278eb]" started-at="2023-09-26T14:48:02 IST" name="Test05" finished-at="2023-09-26T14:48:02 IST" duration-ms="538" status="PASS">
          <reporter-output>
          </reporter-output>
        </test-method> <!-- Test05 -->
        <test-method signature="Test06()[pri:0, instance:MakeMyTrip.TestMethods@48f278eb]" started-at="2023-09-26T14:48:02 IST" name="Test06" finished-at="2023-09-26T14:48:02 IST" duration-ms="328" status="PASS">
          <reporter-output>
          </reporter-output>
        </test-method> <!-- Test06 -->
        <test-method signature="Test07()[pri:0, instance:MakeMyTrip.TestMethods@48f278eb]" started-at="2023-09-26T14:48:02 IST" name="Test07" finished-at="2023-09-26T14:48:03 IST" duration-ms="500" status="PASS">
          <reporter-output>
          </reporter-output>
        </test-method> <!-- Test07 -->
        <test-method signature="Test08()[pri:0, instance:MakeMyTrip.TestMethods@48f278eb]" started-at="2023-09-26T14:48:03 IST" name="Test08" finished-at="2023-09-26T14:48:03 IST" duration-ms="370" status="PASS">
          <reporter-output>
          </reporter-output>
        </test-method> <!-- Test08 -->
        <test-method signature="Test09()[pri:0, instance:MakeMyTrip.TestMethods@48f278eb]" started-at="2023-09-26T14:48:03 IST" name="Test09" finished-at="2023-09-26T14:48:03 IST" duration-ms="170" status="PASS">
          <reporter-output>
          </reporter-output>
        </test-method> <!-- Test09 -->
        <test-method signature="Test10()[pri:0, instance:MakeMyTrip.TestMethods@48f278eb]" started-at="2023-09-26T14:48:03 IST" name="Test10" finished-at="2023-09-26T14:48:04 IST" duration-ms="735" status="PASS">
          <reporter-output>
          </reporter-output>
        </test-method> <!-- Test10 -->
        <test-method signature="Test12()[pri:0, instance:MakeMyTrip.TestMethods@48f278eb]" started-at="2023-09-26T14:48:04 IST" name="Test12" finished-at="2023-09-26T14:48:05 IST" duration-ms="501" status="PASS">
          <reporter-output>
          </reporter-output>
        </test-method> <!-- Test12 -->
      </class> <!-- MakeMyTrip.TestMethods -->
    </test> <!-- Test -->
  </suite> <!-- Suite -->
</testng-results>
