<?xml version="1.0" encoding="UTF-8"?>
<!-- Generated by org.testng.reporters.JUnitXMLReporter -->
<testsuite ignored="0" hostname="QT-INBG-LT1006" failures="0" tests="7" name="Default test" time="29.474" errors="0" timestamp="2023-09-26T14:45:00 IST">
  <testcase classname="MoonMagic.TestMethods" name="Test01" time="8.961"/>
  <testcase classname="MoonMagic.TestMethods" name="Test02" time="7.766"/>
  <testcase classname="MoonMagic.TestMethods" name="Test03" time="3.355"/>
  <testcase classname="MoonMagic.TestMethods" name="Test04" time="7.026"/>
  <testcase classname="MoonMagic.TestMethods" name="Test05" time="1.242"/>
  <testcase classname="MoonMagic.TestMethods" name="Test06" time="0.426"/>
  <testcase classname="MoonMagic.TestMethods" name="Test07" time="0.653"/>
</testsuite> <!-- Default test -->
